This file contains any messages produced by compilers while
running configure, to aid debugging if configure makes a mistake.

It was created by linux-gpib-kernel configure 4.2.0, which was
generated by GNU Autoconf 2.69.  Invocation command line was

  $ ./configure 

## --------- ##
## Platform. ##
## --------- ##

hostname = DESKTOP-ER250Q8
uname -m = x86_64
uname -r = 4.4.0-17134-Microsoft
uname -s = Linux
uname -v = #523-Microsoft Mon Dec 31 17:49:00 PST 2018

/usr/bin/uname -p = unknown
/bin/uname -X     = unknown

/bin/arch              = unknown
/usr/bin/arch -k       = unknown
/usr/convex/getsysinfo = unknown
/usr/bin/hostinfo      = unknown
/bin/machine           = unknown
/usr/bin/oslevel       = unknown
/bin/universe          = unknown

PATH: /home/zhonglabuser/.local/bin
PATH: /usr/local/sbin
PATH: /usr/local/bin
PATH: /usr/sbin
PATH: /usr/bin
PATH: /sbin
PATH: /bin
PATH: /usr/games
PATH: /usr/local/games
PATH: /mnt/c/Python35/Lib/site-packages/PyQt5
PATH: /mnt/c/ProgramData/Oracle/Java/javapath_target_183140
PATH: /mnt/c/Windows/System32
PATH: /mnt/c/Windows
PATH: /mnt/c/Windows/System32/wbem
PATH: /mnt/c/Windows/System32/WindowsPowerShell/v1.0
PATH: /mnt/c/Windows/System32/OpenSSH
PATH: /mnt/c/Program Files/Keysight/IO Libraries Suite/bin
PATH: /mnt/c/Program Files/IVI Foundation/VISA/Win64/ktvisa
PATH: /mnt/c/Program Files/IVI Foundation/VISA/Win64/Bin
PATH: /mnt/c/Program Files (x86)/Keysight/IO Libraries Suite/bin
PATH: /mnt/c/Program Files (x86)/IVI Foundation/VISA/WinNT/ktvisa
PATH: /mnt/c/Program Files (x86)/IVI Foundation/VISA/WinNT/Bin
PATH: /mnt/c/Program Files (x86)/IVI Foundation/IVI/Bin
PATH: /mnt/c/Program Files/IVI Foundation/IVI/Bin
PATH: /mnt/c/Program Files (x86)/IVI Foundation/VISA/WinNT/Bin
PATH: /mnt/c/Program Files/IVI Foundation/VISA/Win64/Bin
PATH: /mnt/c/Program Files (x86)/IVI Foundation/VISA/WinNT/agvisa
PATH: /mnt/c/Program Files (x86)/Microsoft SQL Server/100/Tools/Binn
PATH: /mnt/c/Program Files/Microsoft SQL Server/100/Tools/Binn
PATH: /mnt/c/Program Files/Microsoft SQL Server/100/DTS/Binn
PATH: /mnt/c/Program Files/Microsoft DNX/Dnvm
PATH: /mnt/c/Program Files/Microsoft SQL Server/130/Tools/Binn
PATH: /mnt/c/Program Files/Point Grey Research/FlyCapture2/bin64
PATH: /mnt/c/Program Files/Point Grey Research/FlyCapture2/bin64/vs2013
PATH: /mnt/c/Program Files/Point Grey Research/FlyCapture2/bin64/vs2015
PATH: /mnt/c/Program Files/Microsoft VS Code/bin
PATH: /mnt/c/Program Files/MATLAB/R2018b/runtime/win64
PATH: /mnt/c/Program Files/MATLAB/R2018b/bin
PATH: /mnt/c/_Lib
PATH: /mnt/c/_Lib/Library/mingw-w64/bin
PATH: /mnt/c/_Lib/Library/bin
PATH: /mnt/c/_Lib/Scripts
PATH: /mnt/c/Users/zhong/AppData/Local/Programs/Python/Python37-32/Scripts
PATH: /mnt/c/Users/zhong/AppData/Local/Programs/Python/Python37-32
PATH: /mnt/c/Users/zhong/AppData/Local/Microsoft/WindowsApps
PATH: /mnt/c/Miniconda3/Scripts
PATH: /mnt/c/Users/zhong/AppData/Local/atom/bin
PATH: /mnt/d/intelFPGA_lite/18.1/modelsim_ase/win32aloem
PATH: /mnt/c/Users/zhong/AppData/Local/GitHubDesktop/bin
PATH: /mnt/d/intelFPGA/18.1/modelsim_ase/win32aloem
PATH: /mnt/c/Users/zhong/Anaconda3
PATH: /mnt/c/Users/zhong/Anaconda3/Scripts
PATH: /mnt/c/Users/zhong/Anaconda3/Library/bin
PATH: /snap/bin


## ----------- ##
## Core tests. ##
## ----------- ##

configure:1800: checking for a BSD-compatible install
configure:1868: result: /usr/bin/install -c
configure:1879: checking whether build environment is sane
configure:1934: result: yes
configure:2085: checking for a thread-safe mkdir -p
configure:2124: result: /bin/mkdir -p
configure:2131: checking for gawk
configure:2147: found /usr/bin/gawk
configure:2158: result: gawk
configure:2169: checking whether make sets $(MAKE)
configure:2191: result: yes
configure:2220: checking whether make supports nested variables
configure:2237: result: yes
configure:2364: checking whether to enable maintainer-specific portions of Makefiles
configure:2373: result: no
configure:2400: checking build system type
configure:2414: result: x86_64-pc-linux-gnu
configure:2434: checking host system type
configure:2447: result: x86_64-pc-linux-gnu
configure:2519: checking Linux kernel directory
configure:2522: WARNING: Linux kernel directory /lib/modules/4.4.0-17134-Microsoft/build/ does not exist.  Specify using --with-linux-srcdir=DIR.
configure:2528: WARNING: Kernel source tree at /lib/modules/4.4.0-17134-Microsoft/build/ is not configured.  Copy the
	appropriate configuration file to /lib/modules/4.4.0-17134-Microsoft/build//.config and then run 'make oldconfig'
	in the kernel source directory.
configure:2533: result: ok
configure:2535: checking Linux kernel compile flags
configure:2540: WARNING: Failed to get compile flags from Linux kernel directory.
configure:2543: result: ok
configure:2548: checking for depmod
configure:2567: found /sbin/depmod
configure:2580: result: /sbin/depmod
configure:2704: checking that generated files are newer than configure
configure:2710: result: done
configure:2722: creating ./config.status

## ---------------------- ##
## Running config.status. ##
## ---------------------- ##

This file was extended by linux-gpib-kernel config.status 4.2.0, which was
generated by GNU Autoconf 2.69.  Invocation command line was

  CONFIG_FILES    = 
  CONFIG_HEADERS  = 
  CONFIG_LINKS    = 
  CONFIG_COMMANDS = 
  $ ./config.status 

on DESKTOP-ER250Q8

config.status:826: creating Makefile
config.status:826: creating drivers/Makefile
config.status:826: creating config.h
config.status:1007: config.h is unchanged

## ---------------- ##
## Cache variables. ##
## ---------------- ##

ac_cv_build=x86_64-pc-linux-gnu
ac_cv_env_build_alias_set=
ac_cv_env_build_alias_value=
ac_cv_env_host_alias_set=
ac_cv_env_host_alias_value=
ac_cv_env_target_alias_set=
ac_cv_env_target_alias_value=
ac_cv_host=x86_64-pc-linux-gnu
ac_cv_path_DEPMOD=/sbin/depmod
ac_cv_path_install='/usr/bin/install -c'
ac_cv_path_mkdir=/bin/mkdir
ac_cv_prog_AWK=gawk
ac_cv_prog_make_make_set=yes
am_cv_make_support_nested_variables=yes

## ----------------- ##
## Output variables. ##
## ----------------- ##

ACLOCAL='${SHELL} /mnt/c/Users/zhong/code/lantz/lantz/drivers/linux-gpib-4.2.0/linux-gpib-kernel-4.2.0/missing aclocal-1.15'
AMTAR='$${TAR-tar}'
AM_BACKSLASH='\'
AM_DEFAULT_V='$(AM_DEFAULT_VERBOSITY)'
AM_DEFAULT_VERBOSITY='1'
AM_V='$(V)'
AUTOCONF='${SHELL} /mnt/c/Users/zhong/code/lantz/lantz/drivers/linux-gpib-4.2.0/linux-gpib-kernel-4.2.0/missing autoconf'
AUTOHEADER='${SHELL} /mnt/c/Users/zhong/code/lantz/lantz/drivers/linux-gpib-4.2.0/linux-gpib-kernel-4.2.0/missing autoheader'
AUTOMAKE='${SHELL} /mnt/c/Users/zhong/code/lantz/lantz/drivers/linux-gpib-4.2.0/linux-gpib-kernel-4.2.0/missing automake-1.15'
AWK='gawk'
CYGPATH_W='echo'
DEFS='-DHAVE_CONFIG_H'
DEPMOD='/sbin/depmod'
ECHO_C=''
ECHO_N='-n'
ECHO_T=''
ENABLE_ISA='no'
INSTALL_DATA='${INSTALL} -m 644'
INSTALL_PROGRAM='${INSTALL}'
INSTALL_SCRIPT='${INSTALL}'
INSTALL_STRIP_PROGRAM='$(install_sh) -c -s'
ISODATE='2019-04-04'
LIBOBJS=''
LIBS=''
LINUX_SRCDIR='/lib/modules/4.4.0-17134-Microsoft/build/'
LTLIBOBJS=''
MAINT='#'
MAINTAINER_MODE_FALSE=''
MAINTAINER_MODE_TRUE='#'
MAKEINFO='${SHELL} /mnt/c/Users/zhong/code/lantz/lantz/drivers/linux-gpib-4.2.0/linux-gpib-kernel-4.2.0/missing makeinfo'
MKDIR_P='/bin/mkdir -p'
PACKAGE='linux-gpib-kernel'
PACKAGE_BUGREPORT=''
PACKAGE_NAME='linux-gpib-kernel'
PACKAGE_STRING='linux-gpib-kernel 4.2.0'
PACKAGE_TARNAME='linux-gpib-kernel'
PACKAGE_URL=''
PACKAGE_VERSION='4.2.0'
PATH_SEPARATOR=':'
SET_MAKE=''
SHELL='/bin/bash'
STRIP=''
VERSION='4.2.0'
am__isrc=''
am__leading_dot='.'
am__tar='$${TAR-tar} chof - "$$tardir"'
am__untar='$${TAR-tar} xf -'
bindir='${exec_prefix}/bin'
build='x86_64-pc-linux-gnu'
build_alias=''
build_cpu='x86_64'
build_os='linux-gnu'
build_vendor='pc'
datadir='${datarootdir}'
datarootdir='${prefix}/share'
docdir='${datarootdir}/doc/${PACKAGE_TARNAME}'
dvidir='${docdir}'
exec_prefix='${prefix}'
host='x86_64-pc-linux-gnu'
host_alias=''
host_cpu='x86_64'
host_os='linux-gnu'
host_vendor='pc'
htmldir='${docdir}'
includedir='${prefix}/include'
infodir='${datarootdir}/info'
install_sh='${SHELL} /mnt/c/Users/zhong/code/lantz/lantz/drivers/linux-gpib-4.2.0/linux-gpib-kernel-4.2.0/install-sh'
libdir='${exec_prefix}/lib'
libexecdir='${exec_prefix}/libexec'
localedir='${datarootdir}/locale'
localstatedir='${prefix}/var'
mandir='${datarootdir}/man'
mkdir_p='$(MKDIR_P)'
oldincludedir='/usr/include'
pdfdir='${docdir}'
prefix='/usr/local'
program_transform_name='s,x,x,'
psdir='${docdir}'
runstatedir='${localstatedir}/run'
sbindir='${exec_prefix}/sbin'
sharedstatedir='${prefix}/com'
sysconfdir='${prefix}/etc'
target_alias=''

## ----------- ##
## confdefs.h. ##
## ----------- ##

/* confdefs.h */
#define PACKAGE_NAME "linux-gpib-kernel"
#define PACKAGE_TARNAME "linux-gpib-kernel"
#define PACKAGE_VERSION "4.2.0"
#define PACKAGE_STRING "linux-gpib-kernel 4.2.0"
#define PACKAGE_BUGREPORT ""
#define PACKAGE_URL ""
#define PACKAGE "linux-gpib-kernel"
#define VERSION "4.2.0"

configure: exit 0

## ---------------------- ##
## Running config.status. ##
## ---------------------- ##

This file was extended by linux-gpib-kernel config.status 4.2.0, which was
generated by GNU Autoconf 2.69.  Invocation command line was

  CONFIG_FILES    = 
  CONFIG_HEADERS  = 
  CONFIG_LINKS    = 
  CONFIG_COMMANDS = 
  $ ./config.status Makefile

on DESKTOP-ER250Q8

config.status:826: creating Makefile

## ---------------------- ##
## Running config.status. ##
## ---------------------- ##

This file was extended by linux-gpib-kernel config.status 4.2.0, which was
generated by GNU Autoconf 2.69.  Invocation command line was

  CONFIG_FILES    = 
  CONFIG_HEADERS  = 
  CONFIG_LINKS    = 
  CONFIG_COMMANDS = 
  $ ./config.status drivers/Makefile

on DESKTOP-ER250Q8

config.status:826: creating drivers/Makefile
