This file contains any messages produced by compilers while
running configure, to aid debugging if configure makes a mistake.

It was created by linux-gpib-user configure 4.2.0, which was
generated by GNU Autoconf 2.69.  Invocation command line was

  $ ./configure 

## --------- ##
## Platform. ##
## --------- ##

hostname = DESKTOP-ER250Q8
uname -m = x86_64
uname -r = 4.4.0-17134-Microsoft
uname -s = Linux
uname -v = #523-Microsoft Mon Dec 31 17:49:00 PST 2018

/usr/bin/uname -p = unknown
/bin/uname -X     = unknown

/bin/arch              = unknown
/usr/bin/arch -k       = unknown
/usr/convex/getsysinfo = unknown
/usr/bin/hostinfo      = unknown
/bin/machine           = unknown
/usr/bin/oslevel       = unknown
/bin/universe          = unknown

PATH: /usr/local/sbin
PATH: /usr/local/bin
PATH: /usr/sbin
PATH: /usr/bin
PATH: /sbin
PATH: /bin
PATH: /snap/bin


## ----------- ##
## Core tests. ##
## ----------- ##

configure:2458: checking for a BSD-compatible install
configure:2526: result: /usr/bin/install -c
configure:2537: checking whether build environment is sane
configure:2592: result: yes
configure:2743: checking for a thread-safe mkdir -p
configure:2782: result: /bin/mkdir -p
configure:2789: checking for gawk
configure:2805: found /usr/bin/gawk
configure:2816: result: gawk
configure:2827: checking whether make sets $(MAKE)
configure:2849: result: yes
configure:2878: checking whether make supports nested variables
configure:2895: result: yes
configure:3022: checking whether to enable maintainer-specific portions of Makefiles
configure:3031: result: no
configure:3059: checking build system type
configure:3073: result: x86_64-pc-linux-gnu
configure:3093: checking host system type
configure:3106: result: x86_64-pc-linux-gnu
configure:3288: checking for gcc
configure:3304: found /usr/bin/gcc
configure:3315: result: gcc
configure:3544: checking for C compiler version
configure:3553: gcc --version >&5
gcc (Ubuntu 7.3.0-27ubuntu1~18.04) 7.3.0
Copyright (C) 2017 Free Software Foundation, Inc.
This is free software; see the source for copying conditions.  There is NO
warranty; not even for MERCHANTABILITY or FITNESS FOR A PARTICULAR PURPOSE.

configure:3564: $? = 0
configure:3553: gcc -v >&5
Using built-in specs.
COLLECT_GCC=gcc
COLLECT_LTO_WRAPPER=/usr/lib/gcc/x86_64-linux-gnu/7/lto-wrapper
OFFLOAD_TARGET_NAMES=nvptx-none
OFFLOAD_TARGET_DEFAULT=1
Target: x86_64-linux-gnu
Configured with: ../src/configure -v --with-pkgversion='Ubuntu 7.3.0-27ubuntu1~18.04' --with-bugurl=file:///usr/share/doc/gcc-7/README.Bugs --enable-languages=c,ada,c++,go,brig,d,fortran,objc,obj-c++ --prefix=/usr --with-gcc-major-version-only --program-suffix=-7 --program-prefix=x86_64-linux-gnu- --enable-shared --enable-linker-build-id --libexecdir=/usr/lib --without-included-gettext --enable-threads=posix --libdir=/usr/lib --enable-nls --with-sysroot=/ --enable-clocale=gnu --enable-libstdcxx-debug --enable-libstdcxx-time=yes --with-default-libstdcxx-abi=new --enable-gnu-unique-object --disable-vtable-verify --enable-libmpx --enable-plugin --enable-default-pie --with-system-zlib --with-target-system-zlib --enable-objc-gc=auto --enable-multiarch --disable-werror --with-arch-32=i686 --with-abi=m64 --with-multilib-list=m32,m64,mx32 --enable-multilib --with-tune=generic --enable-offload-targets=nvptx-none --without-cuda-driver --enable-checking=release --build=x86_64-linux-gnu --host=x86_64-linux-gnu --target=x86_64-linux-gnu
Thread model: posix
gcc version 7.3.0 (Ubuntu 7.3.0-27ubuntu1~18.04) 
configure:3564: $? = 0
configure:3553: gcc -V >&5
gcc: error: unrecognized command line option '-V'
gcc: fatal error: no input files
compilation terminated.
configure:3564: $? = 1
configure:3553: gcc -qversion >&5
gcc: error: unrecognized command line option '-qversion'; did you mean '--version'?
gcc: fatal error: no input files
compilation terminated.
configure:3564: $? = 1
configure:3584: checking whether the C compiler works
configure:3606: gcc    conftest.c  >&5
configure:3610: $? = 0
configure:3658: result: yes
configure:3661: checking for C compiler default output file name
configure:3663: result: a.out
configure:3669: checking for suffix of executables
configure:3676: gcc -o conftest    conftest.c  >&5
configure:3680: $? = 0
configure:3702: result: 
configure:3724: checking whether we are cross compiling
configure:3732: gcc -o conftest    conftest.c  >&5
configure:3736: $? = 0
configure:3743: ./conftest
configure:3747: $? = 0
configure:3762: result: no
configure:3767: checking for suffix of object files
configure:3789: gcc -c   conftest.c >&5
configure:3793: $? = 0
configure:3814: result: o
configure:3818: checking whether we are using the GNU C compiler
configure:3837: gcc -c   conftest.c >&5
configure:3837: $? = 0
configure:3846: result: yes
configure:3855: checking whether gcc accepts -g
configure:3875: gcc -c -g  conftest.c >&5
configure:3875: $? = 0
configure:3916: result: yes
configure:3933: checking for gcc option to accept ISO C89
configure:3996: gcc  -c -g -O2  conftest.c >&5
configure:3996: $? = 0
configure:4009: result: none needed
configure:4034: checking whether gcc understands -c and -o together
configure:4056: gcc -c conftest.c -o conftest2.o
configure:4059: $? = 0
configure:4056: gcc -c conftest.c -o conftest2.o
configure:4059: $? = 0
configure:4071: result: yes
configure:4091: checking whether make supports the include directive
configure:4106: make -f confmf.GNU && cat confinc.out
this is the am__doit target
configure:4109: $? = 0
configure:4128: result: yes (GNU style)
configure:4153: checking dependency style of gcc
configure:4264: result: gcc3
configure:4285: checking for flex
configure:4315: result: no
configure:4285: checking for lex
configure:4315: result: no
configure:4447: checking for bison
configure:4477: result: no
configure:4447: checking for byacc
configure:4477: result: no
configure:4532: checking how to print strings
configure:4559: result: printf
configure:4580: checking for a sed that does not truncate output
configure:4644: result: /bin/sed
configure:4662: checking for grep that handles long lines and -e
configure:4720: result: /bin/grep
configure:4725: checking for egrep
configure:4787: result: /bin/grep -E
configure:4792: checking for fgrep
configure:4854: result: /bin/grep -F
configure:4889: checking for ld used by gcc
configure:4956: result: /usr/bin/ld
configure:4963: checking if the linker (/usr/bin/ld) is GNU ld
configure:4978: result: yes
configure:4990: checking for BSD- or MS-compatible name lister (nm)
configure:5044: result: /usr/bin/nm -B
configure:5174: checking the name lister (/usr/bin/nm -B) interface
configure:5181: gcc -c -g -O2  conftest.c >&5
configure:5184: /usr/bin/nm -B "conftest.o"
configure:5187: output
0000000000000000 B some_variable
configure:5194: result: BSD nm
configure:5197: checking whether ln -s works
configure:5201: result: yes
configure:5209: checking the maximum length of command line arguments
configure:5340: result: 1572864
configure:5388: checking how to convert x86_64-pc-linux-gnu file names to x86_64-pc-linux-gnu format
configure:5428: result: func_convert_file_noop
configure:5435: checking how to convert x86_64-pc-linux-gnu file names to toolchain format
configure:5455: result: func_convert_file_noop
configure:5462: checking for /usr/bin/ld option to reload object files
configure:5469: result: -r
configure:5543: checking for objdump
configure:5559: found /usr/bin/objdump
configure:5570: result: objdump
configure:5602: checking how to recognize dependent libraries
configure:5802: result: pass_all
configure:5887: checking for dlltool
configure:5917: result: no
configure:5947: checking how to associate runtime and link libraries
configure:5974: result: printf %s\n
configure:6034: checking for ar
configure:6050: found /usr/bin/ar
configure:6061: result: ar
configure:6098: checking for archiver @FILE support
configure:6115: gcc -c -g -O2  conftest.c >&5
configure:6115: $? = 0
configure:6118: ar cru libconftest.a @conftest.lst >&5
ar: `u' modifier ignored since `D' is the default (see `U')
configure:6121: $? = 0
configure:6126: ar cru libconftest.a @conftest.lst >&5
ar: `u' modifier ignored since `D' is the default (see `U')
ar: conftest.o: No such file or directory
configure:6129: $? = 1
configure:6141: result: @
configure:6199: checking for strip
configure:6215: found /usr/bin/strip
configure:6226: result: strip
configure:6298: checking for ranlib
configure:6314: found /usr/bin/ranlib
configure:6325: result: ranlib
configure:6427: checking command to parse /usr/bin/nm -B output from gcc object
configure:6580: gcc -c -g -O2  conftest.c >&5
configure:6583: $? = 0
configure:6587: /usr/bin/nm -B conftest.o \| sed -n -e 's/^.*[ ]\([ABCDGIRSTW][ABCDGIRSTW]*\)[ ][ ]*\([_A-Za-z][_A-Za-z0-9]*\)$/\1 \2 \2/p' | sed '/ __gnu_lto/d' \> conftest.nm
configure:6590: $? = 0
configure:6656: gcc -o conftest -g -O2   conftest.c conftstm.o >&5
configure:6659: $? = 0
configure:6697: result: ok
configure:6744: checking for sysroot
configure:6774: result: no
configure:6781: checking for a working dd
configure:6819: result: /bin/dd
configure:6823: checking how to truncate binary pipes
configure:6838: result: /bin/dd bs=4096 count=1
configure:6974: gcc -c -g -O2  conftest.c >&5
configure:6977: $? = 0
configure:7167: checking for mt
configure:7183: found /bin/mt
configure:7194: result: mt
configure:7217: checking if mt is a manifest tool
configure:7223: mt '-?'
configure:7231: result: no
configure:7908: checking how to run the C preprocessor
configure:7939: gcc -E  conftest.c
configure:7939: $? = 0
configure:7953: gcc -E  conftest.c
conftest.c:11:10: fatal error: ac_nonexistent.h: No such file or directory
 #include <ac_nonexistent.h>
          ^~~~~~~~~~~~~~~~~~
compilation terminated.
configure:7953: $? = 1
configure: failed program was:
| /* confdefs.h */
| #define PACKAGE_NAME "linux-gpib-user"
| #define PACKAGE_TARNAME "linux-gpib-user"
| #define PACKAGE_VERSION "4.2.0"
| #define PACKAGE_STRING "linux-gpib-user 4.2.0"
| #define PACKAGE_BUGREPORT ""
| #define PACKAGE_URL ""
| #define PACKAGE "linux-gpib-user"
| #define VERSION "4.2.0"
| /* end confdefs.h.  */
| #include <ac_nonexistent.h>
configure:7978: result: gcc -E
configure:7998: gcc -E  conftest.c
configure:7998: $? = 0
configure:8012: gcc -E  conftest.c
conftest.c:11:10: fatal error: ac_nonexistent.h: No such file or directory
 #include <ac_nonexistent.h>
          ^~~~~~~~~~~~~~~~~~
compilation terminated.
configure:8012: $? = 1
configure: failed program was:
| /* confdefs.h */
| #define PACKAGE_NAME "linux-gpib-user"
| #define PACKAGE_TARNAME "linux-gpib-user"
| #define PACKAGE_VERSION "4.2.0"
| #define PACKAGE_STRING "linux-gpib-user 4.2.0"
| #define PACKAGE_BUGREPORT ""
| #define PACKAGE_URL ""
| #define PACKAGE "linux-gpib-user"
| #define VERSION "4.2.0"
| /* end confdefs.h.  */
| #include <ac_nonexistent.h>
configure:8041: checking for ANSI C header files
configure:8061: gcc -c -g -O2  conftest.c >&5
configure:8061: $? = 0
configure:8134: gcc -o conftest -g -O2   conftest.c  >&5
configure:8134: $? = 0
configure:8134: ./conftest
configure:8134: $? = 0
configure:8145: result: yes
configure:8158: checking for sys/types.h
configure:8158: gcc -c -g -O2  conftest.c >&5
configure:8158: $? = 0
configure:8158: result: yes
configure:8158: checking for sys/stat.h
configure:8158: gcc -c -g -O2  conftest.c >&5
configure:8158: $? = 0
configure:8158: result: yes
configure:8158: checking for stdlib.h
configure:8158: gcc -c -g -O2  conftest.c >&5
configure:8158: $? = 0
configure:8158: result: yes
configure:8158: checking for string.h
configure:8158: gcc -c -g -O2  conftest.c >&5
configure:8158: $? = 0
configure:8158: result: yes
configure:8158: checking for memory.h
configure:8158: gcc -c -g -O2  conftest.c >&5
configure:8158: $? = 0
configure:8158: result: yes
configure:8158: checking for strings.h
configure:8158: gcc -c -g -O2  conftest.c >&5
configure:8158: $? = 0
configure:8158: result: yes
configure:8158: checking for inttypes.h
configure:8158: gcc -c -g -O2  conftest.c >&5
configure:8158: $? = 0
configure:8158: result: yes
configure:8158: checking for stdint.h
configure:8158: gcc -c -g -O2  conftest.c >&5
configure:8158: $? = 0
configure:8158: result: yes
configure:8158: checking for unistd.h
configure:8158: gcc -c -g -O2  conftest.c >&5
configure:8158: $? = 0
configure:8158: result: yes
configure:8172: checking for dlfcn.h
configure:8172: gcc -c -g -O2  conftest.c >&5
configure:8172: $? = 0
configure:8172: result: yes
configure:8368: checking for objdir
configure:8383: result: .libs
configure:8647: checking if gcc supports -fno-rtti -fno-exceptions
configure:8665: gcc -c -g -O2  -fno-rtti -fno-exceptions conftest.c >&5
cc1: warning: command line option '-fno-rtti' is valid for C++/ObjC++ but not for C
configure:8669: $? = 0
configure:8682: result: no
configure:9040: checking for gcc option to produce PIC
configure:9047: result: -fPIC -DPIC
configure:9055: checking if gcc PIC flag -fPIC -DPIC works
configure:9073: gcc -c -g -O2  -fPIC -DPIC -DPIC conftest.c >&5
configure:9077: $? = 0
configure:9090: result: yes
configure:9119: checking if gcc static flag -static works
configure:9147: result: yes
configure:9162: checking if gcc supports -c -o file.o
configure:9183: gcc -c -g -O2  -o out/conftest2.o conftest.c >&5
configure:9187: $? = 0
configure:9209: result: yes
configure:9217: checking if gcc supports -c -o file.o
configure:9264: result: yes
configure:9297: checking whether the gcc linker (/usr/bin/ld -m elf_x86_64) supports shared libraries
configure:10556: result: yes
configure:10593: checking whether -lc should be explicitly linked in
configure:10601: gcc -c -g -O2  conftest.c >&5
configure:10604: $? = 0
configure:10619: gcc -shared  -fPIC -DPIC conftest.o  -v -Wl,-soname -Wl,conftest -o conftest 2\>\&1 \| /bin/grep  -lc  \>/dev/null 2\>\&1
configure:10622: $? = 0
configure:10636: result: no
configure:10796: checking dynamic linker characteristics
configure:11377: gcc -o conftest -g -O2   -Wl,-rpath -Wl,/foo conftest.c  >&5
configure:11377: $? = 0
configure:11614: result: GNU/Linux ld.so
configure:11736: checking how to hardcode library paths into programs
configure:11761: result: immediate
configure:12309: checking whether stripping libraries is possible
configure:12314: result: yes
configure:12349: checking if libtool supports shared libraries
configure:12351: result: yes
configure:12354: checking whether to build shared libraries
configure:12379: result: yes
configure:12382: checking whether to build static libraries
configure:12386: result: no
configure:12425: checking for jw
configure:12456: result: no
configure:12465: docbook-tools (jw) not found, disabling documentation
configure:12483: checking for python
configure:12501: found /usr/bin/python
configure:12513: result: /usr/bin/python
configure:12534: checking for python version
configure:12541: result: 2.7
configure:12553: checking for python platform
configure:12560: result: linux2
configure:12586: checking for python script directory
configure:12621: result: ${prefix}/lib/python2.7/dist-packages
configure:12630: checking for python extension module directory
configure:12665: result: ${exec_prefix}/lib/python2.7/dist-packages
configure:12688: checking for perl
configure:12706: found /usr/bin/perl
configure:12719: result: /usr/bin/perl
configure:12749: checking for Tcl configuration
configure:12837: WARNING: Can't find Tcl configuration definitions
configure:12848: TCL config not found, disabling TCL binding
configure:12925: checking for php-config
configure:12956: result: no
configure:12965: php-config not found, disabling PHP binding
configure:12970: checking for gh_define in -lguile
configure:12995: gcc -o conftest -g -O2   conftest.c -lguile   >&5
/usr/bin/ld: cannot find -lguile
collect2: error: ld returned 1 exit status
configure:12995: $? = 1
configure: failed program was:
| /* confdefs.h */
| #define PACKAGE_NAME "linux-gpib-user"
| #define PACKAGE_TARNAME "linux-gpib-user"
| #define PACKAGE_VERSION "4.2.0"
| #define PACKAGE_STRING "linux-gpib-user 4.2.0"
| #define PACKAGE_BUGREPORT ""
| #define PACKAGE_URL ""
| #define PACKAGE "linux-gpib-user"
| #define VERSION "4.2.0"
| #define STDC_HEADERS 1
| #define HAVE_SYS_TYPES_H 1
| #define HAVE_SYS_STAT_H 1
| #define HAVE_STDLIB_H 1
| #define HAVE_STRING_H 1
| #define HAVE_MEMORY_H 1
| #define HAVE_STRINGS_H 1
| #define HAVE_INTTYPES_H 1
| #define HAVE_STDINT_H 1
| #define HAVE_UNISTD_H 1
| #define HAVE_DLFCN_H 1
| #define LT_OBJDIR ".libs/"
| /* end confdefs.h.  */
| 
| /* Override any GCC internal prototype to avoid an error.
|    Use char because int might match the return type of a GCC
|    builtin and then its argument prototype would still apply.  */
| #ifdef __cplusplus
| extern "C"
| #endif
| char gh_define ();
| int
| main ()
| {
| return gh_define ();
|   ;
|   return 0;
| }
configure:13004: result: no
configure:13009: libguile not found, disabling guile binding
configure:13014: checking for readline in -lreadline
configure:13039: gcc -o conftest -g -O2   conftest.c -lreadline -lncurses  >&5
/usr/bin/ld: cannot find -lreadline
/usr/bin/ld: cannot find -lncurses
collect2: error: ld returned 1 exit status
configure:13039: $? = 1
configure: failed program was:
| /* confdefs.h */
| #define PACKAGE_NAME "linux-gpib-user"
| #define PACKAGE_TARNAME "linux-gpib-user"
| #define PACKAGE_VERSION "4.2.0"
| #define PACKAGE_STRING "linux-gpib-user 4.2.0"
| #define PACKAGE_BUGREPORT ""
| #define PACKAGE_URL ""
| #define PACKAGE "linux-gpib-user"
| #define VERSION "4.2.0"
| #define STDC_HEADERS 1
| #define HAVE_SYS_TYPES_H 1
| #define HAVE_SYS_STAT_H 1
| #define HAVE_STDLIB_H 1
| #define HAVE_STRING_H 1
| #define HAVE_MEMORY_H 1
| #define HAVE_STRINGS_H 1
| #define HAVE_INTTYPES_H 1
| #define HAVE_STDINT_H 1
| #define HAVE_UNISTD_H 1
| #define HAVE_DLFCN_H 1
| #define LT_OBJDIR ".libs/"
| /* end confdefs.h.  */
| 
| /* Override any GCC internal prototype to avoid an error.
|    Use char because int might match the return type of a GCC
|    builtin and then its argument prototype would still apply.  */
| #ifdef __cplusplus
| extern "C"
| #endif
| char readline ();
| int
| main ()
| {
| return readline ();
|   ;
|   return 0;
| }
configure:13048: result: no
configure:13056: checking for ANSI C header files
configure:13160: result: yes
configure:13171: checking for unistd.h
configure:13171: result: yes
configure:13171: checking sys/param.h usability
configure:13171: gcc -c -g -O2  conftest.c >&5
configure:13171: $? = 0
configure:13171: result: yes
configure:13171: checking sys/param.h presence
configure:13171: gcc -E  conftest.c
configure:13171: $? = 0
configure:13171: result: yes
configure:13171: checking for sys/param.h
configure:13171: result: yes
configure:13171: checking sys/time.h usability
configure:13171: gcc -c -g -O2  conftest.c >&5
configure:13171: $? = 0
configure:13171: result: yes
configure:13171: checking sys/time.h presence
configure:13171: gcc -E  conftest.c
configure:13171: $? = 0
configure:13171: result: yes
configure:13171: checking for sys/time.h
configure:13171: result: yes
configure:13171: checking time.h usability
configure:13171: gcc -c -g -O2  conftest.c >&5
configure:13171: $? = 0
configure:13171: result: yes
configure:13171: checking time.h presence
configure:13171: gcc -E  conftest.c
configure:13171: $? = 0
configure:13171: result: yes
configure:13171: checking for time.h
configure:13171: result: yes
configure:13171: checking sys/mkdev.h usability
configure:13171: gcc -c -g -O2  conftest.c >&5
conftest.c:61:10: fatal error: sys/mkdev.h: No such file or directory
 #include <sys/mkdev.h>
          ^~~~~~~~~~~~~
compilation terminated.
configure:13171: $? = 1
configure: failed program was:
| /* confdefs.h */
| #define PACKAGE_NAME "linux-gpib-user"
| #define PACKAGE_TARNAME "linux-gpib-user"
| #define PACKAGE_VERSION "4.2.0"
| #define PACKAGE_STRING "linux-gpib-user 4.2.0"
| #define PACKAGE_BUGREPORT ""
| #define PACKAGE_URL ""
| #define PACKAGE "linux-gpib-user"
| #define VERSION "4.2.0"
| #define STDC_HEADERS 1
| #define HAVE_SYS_TYPES_H 1
| #define HAVE_SYS_STAT_H 1
| #define HAVE_STDLIB_H 1
| #define HAVE_STRING_H 1
| #define HAVE_MEMORY_H 1
| #define HAVE_STRINGS_H 1
| #define HAVE_INTTYPES_H 1
| #define HAVE_STDINT_H 1
| #define HAVE_UNISTD_H 1
| #define HAVE_DLFCN_H 1
| #define LT_OBJDIR ".libs/"
| #define STDC_HEADERS 1
| #define HAVE_UNISTD_H 1
| #define HAVE_SYS_PARAM_H 1
| #define HAVE_SYS_TIME_H 1
| #define HAVE_TIME_H 1
| /* end confdefs.h.  */
| #include <stdio.h>
| #ifdef HAVE_SYS_TYPES_H
| # include <sys/types.h>
| #endif
| #ifdef HAVE_SYS_STAT_H
| # include <sys/stat.h>
| #endif
| #ifdef STDC_HEADERS
| # include <stdlib.h>
| # include <stddef.h>
| #else
| # ifdef HAVE_STDLIB_H
| #  include <stdlib.h>
| # endif
| #endif
| #ifdef HAVE_STRING_H
| # if !defined STDC_HEADERS && defined HAVE_MEMORY_H
| #  include <memory.h>
| # endif
| # include <string.h>
| #endif
| #ifdef HAVE_STRINGS_H
| # include <strings.h>
| #endif
| #ifdef HAVE_INTTYPES_H
| # include <inttypes.h>
| #endif
| #ifdef HAVE_STDINT_H
| # include <stdint.h>
| #endif
| #ifdef HAVE_UNISTD_H
| # include <unistd.h>
| #endif
| #include <sys/mkdev.h>
configure:13171: result: no
configure:13171: checking sys/mkdev.h presence
configure:13171: gcc -E  conftest.c
conftest.c:28:10: fatal error: sys/mkdev.h: No such file or directory
 #include <sys/mkdev.h>
          ^~~~~~~~~~~~~
compilation terminated.
configure:13171: $? = 1
configure: failed program was:
| /* confdefs.h */
| #define PACKAGE_NAME "linux-gpib-user"
| #define PACKAGE_TARNAME "linux-gpib-user"
| #define PACKAGE_VERSION "4.2.0"
| #define PACKAGE_STRING "linux-gpib-user 4.2.0"
| #define PACKAGE_BUGREPORT ""
| #define PACKAGE_URL ""
| #define PACKAGE "linux-gpib-user"
| #define VERSION "4.2.0"
| #define STDC_HEADERS 1
| #define HAVE_SYS_TYPES_H 1
| #define HAVE_SYS_STAT_H 1
| #define HAVE_STDLIB_H 1
| #define HAVE_STRING_H 1
| #define HAVE_MEMORY_H 1
| #define HAVE_STRINGS_H 1
| #define HAVE_INTTYPES_H 1
| #define HAVE_STDINT_H 1
| #define HAVE_UNISTD_H 1
| #define HAVE_DLFCN_H 1
| #define LT_OBJDIR ".libs/"
| #define STDC_HEADERS 1
| #define HAVE_UNISTD_H 1
| #define HAVE_SYS_PARAM_H 1
| #define HAVE_SYS_TIME_H 1
| #define HAVE_TIME_H 1
| /* end confdefs.h.  */
| #include <sys/mkdev.h>
configure:13171: result: no
configure:13171: checking for sys/mkdev.h
configure:13171: result: no
configure:13171: checking sys/sysmacros.h usability
configure:13171: gcc -c -g -O2  conftest.c >&5
configure:13171: $? = 0
configure:13171: result: yes
configure:13171: checking sys/sysmacros.h presence
configure:13171: gcc -E  conftest.c
configure:13171: $? = 0
configure:13171: result: yes
configure:13171: checking for sys/sysmacros.h
configure:13171: result: yes
configure:13171: checking for string.h
configure:13171: result: yes
configure:13171: checking for memory.h
configure:13171: result: yes
configure:13171: checking fcntl.h usability
configure:13171: gcc -c -g -O2  conftest.c >&5
configure:13171: $? = 0
configure:13171: result: yes
configure:13171: checking fcntl.h presence
configure:13171: gcc -E  conftest.c
configure:13171: $? = 0
configure:13171: result: yes
configure:13171: checking for fcntl.h
configure:13171: result: yes
configure:13171: checking dirent.h usability
configure:13171: gcc -c -g -O2  conftest.c >&5
configure:13171: $? = 0
configure:13171: result: yes
configure:13171: checking dirent.h presence
configure:13171: gcc -E  conftest.c
configure:13171: $? = 0
configure:13171: result: yes
configure:13171: checking for dirent.h
configure:13171: result: yes
configure:13171: checking sys/ndir.h usability
configure:13171: gcc -c -g -O2  conftest.c >&5
conftest.c:66:10: fatal error: sys/ndir.h: No such file or directory
 #include <sys/ndir.h>
          ^~~~~~~~~~~~
compilation terminated.
configure:13171: $? = 1
configure: failed program was:
| /* confdefs.h */
| #define PACKAGE_NAME "linux-gpib-user"
| #define PACKAGE_TARNAME "linux-gpib-user"
| #define PACKAGE_VERSION "4.2.0"
| #define PACKAGE_STRING "linux-gpib-user 4.2.0"
| #define PACKAGE_BUGREPORT ""
| #define PACKAGE_URL ""
| #define PACKAGE "linux-gpib-user"
| #define VERSION "4.2.0"
| #define STDC_HEADERS 1
| #define HAVE_SYS_TYPES_H 1
| #define HAVE_SYS_STAT_H 1
| #define HAVE_STDLIB_H 1
| #define HAVE_STRING_H 1
| #define HAVE_MEMORY_H 1
| #define HAVE_STRINGS_H 1
| #define HAVE_INTTYPES_H 1
| #define HAVE_STDINT_H 1
| #define HAVE_UNISTD_H 1
| #define HAVE_DLFCN_H 1
| #define LT_OBJDIR ".libs/"
| #define STDC_HEADERS 1
| #define HAVE_UNISTD_H 1
| #define HAVE_SYS_PARAM_H 1
| #define HAVE_SYS_TIME_H 1
| #define HAVE_TIME_H 1
| #define HAVE_SYS_SYSMACROS_H 1
| #define HAVE_STRING_H 1
| #define HAVE_MEMORY_H 1
| #define HAVE_FCNTL_H 1
| #define HAVE_DIRENT_H 1
| /* end confdefs.h.  */
| #include <stdio.h>
| #ifdef HAVE_SYS_TYPES_H
| # include <sys/types.h>
| #endif
| #ifdef HAVE_SYS_STAT_H
| # include <sys/stat.h>
| #endif
| #ifdef STDC_HEADERS
| # include <stdlib.h>
| # include <stddef.h>
| #else
| # ifdef HAVE_STDLIB_H
| #  include <stdlib.h>
| # endif
| #endif
| #ifdef HAVE_STRING_H
| # if !defined STDC_HEADERS && defined HAVE_MEMORY_H
| #  include <memory.h>
| # endif
| # include <string.h>
| #endif
| #ifdef HAVE_STRINGS_H
| # include <strings.h>
| #endif
| #ifdef HAVE_INTTYPES_H
| # include <inttypes.h>
| #endif
| #ifdef HAVE_STDINT_H
| # include <stdint.h>
| #endif
| #ifdef HAVE_UNISTD_H
| # include <unistd.h>
| #endif
| #include <sys/ndir.h>
configure:13171: result: no
configure:13171: checking sys/ndir.h presence
configure:13171: gcc -E  conftest.c
conftest.c:33:10: fatal error: sys/ndir.h: No such file or directory
 #include <sys/ndir.h>
          ^~~~~~~~~~~~
compilation terminated.
configure:13171: $? = 1
configure: failed program was:
| /* confdefs.h */
| #define PACKAGE_NAME "linux-gpib-user"
| #define PACKAGE_TARNAME "linux-gpib-user"
| #define PACKAGE_VERSION "4.2.0"
| #define PACKAGE_STRING "linux-gpib-user 4.2.0"
| #define PACKAGE_BUGREPORT ""
| #define PACKAGE_URL ""
| #define PACKAGE "linux-gpib-user"
| #define VERSION "4.2.0"
| #define STDC_HEADERS 1
| #define HAVE_SYS_TYPES_H 1
| #define HAVE_SYS_STAT_H 1
| #define HAVE_STDLIB_H 1
| #define HAVE_STRING_H 1
| #define HAVE_MEMORY_H 1
| #define HAVE_STRINGS_H 1
| #define HAVE_INTTYPES_H 1
| #define HAVE_STDINT_H 1
| #define HAVE_UNISTD_H 1
| #define HAVE_DLFCN_H 1
| #define LT_OBJDIR ".libs/"
| #define STDC_HEADERS 1
| #define HAVE_UNISTD_H 1
| #define HAVE_SYS_PARAM_H 1
| #define HAVE_SYS_TIME_H 1
| #define HAVE_TIME_H 1
| #define HAVE_SYS_SYSMACROS_H 1
| #define HAVE_STRING_H 1
| #define HAVE_MEMORY_H 1
| #define HAVE_FCNTL_H 1
| #define HAVE_DIRENT_H 1
| /* end confdefs.h.  */
| #include <sys/ndir.h>
configure:13171: result: no
configure:13171: checking for sys/ndir.h
configure:13171: result: no
configure:13171: checking ndir.h usability
configure:13171: gcc -c -g -O2  conftest.c >&5
conftest.c:66:10: fatal error: ndir.h: No such file or directory
 #include <ndir.h>
          ^~~~~~~~
compilation terminated.
configure:13171: $? = 1
configure: failed program was:
| /* confdefs.h */
| #define PACKAGE_NAME "linux-gpib-user"
| #define PACKAGE_TARNAME "linux-gpib-user"
| #define PACKAGE_VERSION "4.2.0"
| #define PACKAGE_STRING "linux-gpib-user 4.2.0"
| #define PACKAGE_BUGREPORT ""
| #define PACKAGE_URL ""
| #define PACKAGE "linux-gpib-user"
| #define VERSION "4.2.0"
| #define STDC_HEADERS 1
| #define HAVE_SYS_TYPES_H 1
| #define HAVE_SYS_STAT_H 1
| #define HAVE_STDLIB_H 1
| #define HAVE_STRING_H 1
| #define HAVE_MEMORY_H 1
| #define HAVE_STRINGS_H 1
| #define HAVE_INTTYPES_H 1
| #define HAVE_STDINT_H 1
| #define HAVE_UNISTD_H 1
| #define HAVE_DLFCN_H 1
| #define LT_OBJDIR ".libs/"
| #define STDC_HEADERS 1
| #define HAVE_UNISTD_H 1
| #define HAVE_SYS_PARAM_H 1
| #define HAVE_SYS_TIME_H 1
| #define HAVE_TIME_H 1
| #define HAVE_SYS_SYSMACROS_H 1
| #define HAVE_STRING_H 1
| #define HAVE_MEMORY_H 1
| #define HAVE_FCNTL_H 1
| #define HAVE_DIRENT_H 1
| /* end confdefs.h.  */
| #include <stdio.h>
| #ifdef HAVE_SYS_TYPES_H
| # include <sys/types.h>
| #endif
| #ifdef HAVE_SYS_STAT_H
| # include <sys/stat.h>
| #endif
| #ifdef STDC_HEADERS
| # include <stdlib.h>
| # include <stddef.h>
| #else
| # ifdef HAVE_STDLIB_H
| #  include <stdlib.h>
| # endif
| #endif
| #ifdef HAVE_STRING_H
| # if !defined STDC_HEADERS && defined HAVE_MEMORY_H
| #  include <memory.h>
| # endif
| # include <string.h>
| #endif
| #ifdef HAVE_STRINGS_H
| # include <strings.h>
| #endif
| #ifdef HAVE_INTTYPES_H
| # include <inttypes.h>
| #endif
| #ifdef HAVE_STDINT_H
| # include <stdint.h>
| #endif
| #ifdef HAVE_UNISTD_H
| # include <unistd.h>
| #endif
| #include <ndir.h>
configure:13171: result: no
configure:13171: checking ndir.h presence
configure:13171: gcc -E  conftest.c
conftest.c:33:10: fatal error: ndir.h: No such file or directory
 #include <ndir.h>
          ^~~~~~~~
compilation terminated.
configure:13171: $? = 1
configure: failed program was:
| /* confdefs.h */
| #define PACKAGE_NAME "linux-gpib-user"
| #define PACKAGE_TARNAME "linux-gpib-user"
| #define PACKAGE_VERSION "4.2.0"
| #define PACKAGE_STRING "linux-gpib-user 4.2.0"
| #define PACKAGE_BUGREPORT ""
| #define PACKAGE_URL ""
| #define PACKAGE "linux-gpib-user"
| #define VERSION "4.2.0"
| #define STDC_HEADERS 1
| #define HAVE_SYS_TYPES_H 1
| #define HAVE_SYS_STAT_H 1
| #define HAVE_STDLIB_H 1
| #define HAVE_STRING_H 1
| #define HAVE_MEMORY_H 1
| #define HAVE_STRINGS_H 1
| #define HAVE_INTTYPES_H 1
| #define HAVE_STDINT_H 1
| #define HAVE_UNISTD_H 1
| #define HAVE_DLFCN_H 1
| #define LT_OBJDIR ".libs/"
| #define STDC_HEADERS 1
| #define HAVE_UNISTD_H 1
| #define HAVE_SYS_PARAM_H 1
| #define HAVE_SYS_TIME_H 1
| #define HAVE_TIME_H 1
| #define HAVE_SYS_SYSMACROS_H 1
| #define HAVE_STRING_H 1
| #define HAVE_MEMORY_H 1
| #define HAVE_FCNTL_H 1
| #define HAVE_DIRENT_H 1
| /* end confdefs.h.  */
| #include <ndir.h>
configure:13171: result: no
configure:13171: checking for ndir.h
configure:13171: result: no
configure:13171: checking alloca.h usability
configure:13171: gcc -c -g -O2  conftest.c >&5
configure:13171: $? = 0
configure:13171: result: yes
configure:13171: checking alloca.h presence
configure:13171: gcc -E  conftest.c
configure:13171: $? = 0
configure:13171: result: yes
configure:13171: checking for alloca.h
configure:13171: result: yes
configure:13171: checking locale.h usability
configure:13171: gcc -c -g -O2  conftest.c >&5
configure:13171: $? = 0
configure:13171: result: yes
configure:13171: checking locale.h presence
configure:13171: gcc -E  conftest.c
configure:13171: $? = 0
configure:13171: result: yes
configure:13171: checking for locale.h
configure:13171: result: yes
configure:13182: checking for headers required to compile python extensions
configure:13197: gcc -E  -I/usr/include/python2.7  -I/usr/include/python2.7m conftest.c
configure:13197: $? = 0
configure:13198: result: found
configure:13210: checking libguile.h usability
configure:13210: gcc -c -g -O2  conftest.c >&5
conftest.c:68:10: fatal error: libguile.h: No such file or directory
 #include <libguile.h>
          ^~~~~~~~~~~~
compilation terminated.
configure:13210: $? = 1
configure: failed program was:
| /* confdefs.h */
| #define PACKAGE_NAME "linux-gpib-user"
| #define PACKAGE_TARNAME "linux-gpib-user"
| #define PACKAGE_VERSION "4.2.0"
| #define PACKAGE_STRING "linux-gpib-user 4.2.0"
| #define PACKAGE_BUGREPORT ""
| #define PACKAGE_URL ""
| #define PACKAGE "linux-gpib-user"
| #define VERSION "4.2.0"
| #define STDC_HEADERS 1
| #define HAVE_SYS_TYPES_H 1
| #define HAVE_SYS_STAT_H 1
| #define HAVE_STDLIB_H 1
| #define HAVE_STRING_H 1
| #define HAVE_MEMORY_H 1
| #define HAVE_STRINGS_H 1
| #define HAVE_INTTYPES_H 1
| #define HAVE_STDINT_H 1
| #define HAVE_UNISTD_H 1
| #define HAVE_DLFCN_H 1
| #define LT_OBJDIR ".libs/"
| #define STDC_HEADERS 1
| #define HAVE_UNISTD_H 1
| #define HAVE_SYS_PARAM_H 1
| #define HAVE_SYS_TIME_H 1
| #define HAVE_TIME_H 1
| #define HAVE_SYS_SYSMACROS_H 1
| #define HAVE_STRING_H 1
| #define HAVE_MEMORY_H 1
| #define HAVE_FCNTL_H 1
| #define HAVE_DIRENT_H 1
| #define HAVE_ALLOCA_H 1
| #define HAVE_LOCALE_H 1
| /* end confdefs.h.  */
| #include <stdio.h>
| #ifdef HAVE_SYS_TYPES_H
| # include <sys/types.h>
| #endif
| #ifdef HAVE_SYS_STAT_H
| # include <sys/stat.h>
| #endif
| #ifdef STDC_HEADERS
| # include <stdlib.h>
| # include <stddef.h>
| #else
| # ifdef HAVE_STDLIB_H
| #  include <stdlib.h>
| # endif
| #endif
| #ifdef HAVE_STRING_H
| # if !defined STDC_HEADERS && defined HAVE_MEMORY_H
| #  include <memory.h>
| # endif
| # include <string.h>
| #endif
| #ifdef HAVE_STRINGS_H
| # include <strings.h>
| #endif
| #ifdef HAVE_INTTYPES_H
| # include <inttypes.h>
| #endif
| #ifdef HAVE_STDINT_H
| # include <stdint.h>
| #endif
| #ifdef HAVE_UNISTD_H
| # include <unistd.h>
| #endif
| #include <libguile.h>
configure:13210: result: no
configure:13210: checking libguile.h presence
configure:13210: gcc -E  conftest.c
conftest.c:35:10: fatal error: libguile.h: No such file or directory
 #include <libguile.h>
          ^~~~~~~~~~~~
compilation terminated.
configure:13210: $? = 1
configure: failed program was:
| /* confdefs.h */
| #define PACKAGE_NAME "linux-gpib-user"
| #define PACKAGE_TARNAME "linux-gpib-user"
| #define PACKAGE_VERSION "4.2.0"
| #define PACKAGE_STRING "linux-gpib-user 4.2.0"
| #define PACKAGE_BUGREPORT ""
| #define PACKAGE_URL ""
| #define PACKAGE "linux-gpib-user"
| #define VERSION "4.2.0"
| #define STDC_HEADERS 1
| #define HAVE_SYS_TYPES_H 1
| #define HAVE_SYS_STAT_H 1
| #define HAVE_STDLIB_H 1
| #define HAVE_STRING_H 1
| #define HAVE_MEMORY_H 1
| #define HAVE_STRINGS_H 1
| #define HAVE_INTTYPES_H 1
| #define HAVE_STDINT_H 1
| #define HAVE_UNISTD_H 1
| #define HAVE_DLFCN_H 1
| #define LT_OBJDIR ".libs/"
| #define STDC_HEADERS 1
| #define HAVE_UNISTD_H 1
| #define HAVE_SYS_PARAM_H 1
| #define HAVE_SYS_TIME_H 1
| #define HAVE_TIME_H 1
| #define HAVE_SYS_SYSMACROS_H 1
| #define HAVE_STRING_H 1
| #define HAVE_MEMORY_H 1
| #define HAVE_FCNTL_H 1
| #define HAVE_DIRENT_H 1
| #define HAVE_ALLOCA_H 1
| #define HAVE_LOCALE_H 1
| /* end confdefs.h.  */
| #include <libguile.h>
configure:13210: result: no
configure:13210: checking for libguile.h
configure:13210: result: no
configure:13214: libguile headers not found, disabling guile binding
configure:13220: checking readline/readline.h usability
configure:13220: gcc -c -g -O2  conftest.c >&5
conftest.c:68:10: fatal error: readline/readline.h: No such file or directory
 #include <readline/readline.h>
          ^~~~~~~~~~~~~~~~~~~~~
compilation terminated.
configure:13220: $? = 1
configure: failed program was:
| /* confdefs.h */
| #define PACKAGE_NAME "linux-gpib-user"
| #define PACKAGE_TARNAME "linux-gpib-user"
| #define PACKAGE_VERSION "4.2.0"
| #define PACKAGE_STRING "linux-gpib-user 4.2.0"
| #define PACKAGE_BUGREPORT ""
| #define PACKAGE_URL ""
| #define PACKAGE "linux-gpib-user"
| #define VERSION "4.2.0"
| #define STDC_HEADERS 1
| #define HAVE_SYS_TYPES_H 1
| #define HAVE_SYS_STAT_H 1
| #define HAVE_STDLIB_H 1
| #define HAVE_STRING_H 1
| #define HAVE_MEMORY_H 1
| #define HAVE_STRINGS_H 1
| #define HAVE_INTTYPES_H 1
| #define HAVE_STDINT_H 1
| #define HAVE_UNISTD_H 1
| #define HAVE_DLFCN_H 1
| #define LT_OBJDIR ".libs/"
| #define STDC_HEADERS 1
| #define HAVE_UNISTD_H 1
| #define HAVE_SYS_PARAM_H 1
| #define HAVE_SYS_TIME_H 1
| #define HAVE_TIME_H 1
| #define HAVE_SYS_SYSMACROS_H 1
| #define HAVE_STRING_H 1
| #define HAVE_MEMORY_H 1
| #define HAVE_FCNTL_H 1
| #define HAVE_DIRENT_H 1
| #define HAVE_ALLOCA_H 1
| #define HAVE_LOCALE_H 1
| /* end confdefs.h.  */
| #include <stdio.h>
| #ifdef HAVE_SYS_TYPES_H
| # include <sys/types.h>
| #endif
| #ifdef HAVE_SYS_STAT_H
| # include <sys/stat.h>
| #endif
| #ifdef STDC_HEADERS
| # include <stdlib.h>
| # include <stddef.h>
| #else
| # ifdef HAVE_STDLIB_H
| #  include <stdlib.h>
| # endif
| #endif
| #ifdef HAVE_STRING_H
| # if !defined STDC_HEADERS && defined HAVE_MEMORY_H
| #  include <memory.h>
| # endif
| # include <string.h>
| #endif
| #ifdef HAVE_STRINGS_H
| # include <strings.h>
| #endif
| #ifdef HAVE_INTTYPES_H
| # include <inttypes.h>
| #endif
| #ifdef HAVE_STDINT_H
| # include <stdint.h>
| #endif
| #ifdef HAVE_UNISTD_H
| # include <unistd.h>
| #endif
| #include <readline/readline.h>
configure:13220: result: no
configure:13220: checking readline/readline.h presence
configure:13220: gcc -E  conftest.c
conftest.c:35:10: fatal error: readline/readline.h: No such file or directory
 #include <readline/readline.h>
          ^~~~~~~~~~~~~~~~~~~~~
compilation terminated.
configure:13220: $? = 1
configure: failed program was:
| /* confdefs.h */
| #define PACKAGE_NAME "linux-gpib-user"
| #define PACKAGE_TARNAME "linux-gpib-user"
| #define PACKAGE_VERSION "4.2.0"
| #define PACKAGE_STRING "linux-gpib-user 4.2.0"
| #define PACKAGE_BUGREPORT ""
| #define PACKAGE_URL ""
| #define PACKAGE "linux-gpib-user"
| #define VERSION "4.2.0"
| #define STDC_HEADERS 1
| #define HAVE_SYS_TYPES_H 1
| #define HAVE_SYS_STAT_H 1
| #define HAVE_STDLIB_H 1
| #define HAVE_STRING_H 1
| #define HAVE_MEMORY_H 1
| #define HAVE_STRINGS_H 1
| #define HAVE_INTTYPES_H 1
| #define HAVE_STDINT_H 1
| #define HAVE_UNISTD_H 1
| #define HAVE_DLFCN_H 1
| #define LT_OBJDIR ".libs/"
| #define STDC_HEADERS 1
| #define HAVE_UNISTD_H 1
| #define HAVE_SYS_PARAM_H 1
| #define HAVE_SYS_TIME_H 1
| #define HAVE_TIME_H 1
| #define HAVE_SYS_SYSMACROS_H 1
| #define HAVE_STRING_H 1
| #define HAVE_MEMORY_H 1
| #define HAVE_FCNTL_H 1
| #define HAVE_DIRENT_H 1
| #define HAVE_ALLOCA_H 1
| #define HAVE_LOCALE_H 1
| /* end confdefs.h.  */
| #include <readline/readline.h>
configure:13220: result: no
configure:13220: checking for readline/readline.h
configure:13220: result: no
configure:13226: checking readline/history.h usability
configure:13226: gcc -c -g -O2  conftest.c >&5
conftest.c:68:10: fatal error: readline/history.h: No such file or directory
 #include <readline/history.h>
          ^~~~~~~~~~~~~~~~~~~~
compilation terminated.
configure:13226: $? = 1
configure: failed program was:
| /* confdefs.h */
| #define PACKAGE_NAME "linux-gpib-user"
| #define PACKAGE_TARNAME "linux-gpib-user"
| #define PACKAGE_VERSION "4.2.0"
| #define PACKAGE_STRING "linux-gpib-user 4.2.0"
| #define PACKAGE_BUGREPORT ""
| #define PACKAGE_URL ""
| #define PACKAGE "linux-gpib-user"
| #define VERSION "4.2.0"
| #define STDC_HEADERS 1
| #define HAVE_SYS_TYPES_H 1
| #define HAVE_SYS_STAT_H 1
| #define HAVE_STDLIB_H 1
| #define HAVE_STRING_H 1
| #define HAVE_MEMORY_H 1
| #define HAVE_STRINGS_H 1
| #define HAVE_INTTYPES_H 1
| #define HAVE_STDINT_H 1
| #define HAVE_UNISTD_H 1
| #define HAVE_DLFCN_H 1
| #define LT_OBJDIR ".libs/"
| #define STDC_HEADERS 1
| #define HAVE_UNISTD_H 1
| #define HAVE_SYS_PARAM_H 1
| #define HAVE_SYS_TIME_H 1
| #define HAVE_TIME_H 1
| #define HAVE_SYS_SYSMACROS_H 1
| #define HAVE_STRING_H 1
| #define HAVE_MEMORY_H 1
| #define HAVE_FCNTL_H 1
| #define HAVE_DIRENT_H 1
| #define HAVE_ALLOCA_H 1
| #define HAVE_LOCALE_H 1
| /* end confdefs.h.  */
| #include <stdio.h>
| #ifdef HAVE_SYS_TYPES_H
| # include <sys/types.h>
| #endif
| #ifdef HAVE_SYS_STAT_H
| # include <sys/stat.h>
| #endif
| #ifdef STDC_HEADERS
| # include <stdlib.h>
| # include <stddef.h>
| #else
| # ifdef HAVE_STDLIB_H
| #  include <stdlib.h>
| # endif
| #endif
| #ifdef HAVE_STRING_H
| # if !defined STDC_HEADERS && defined HAVE_MEMORY_H
| #  include <memory.h>
| # endif
| # include <string.h>
| #endif
| #ifdef HAVE_STRINGS_H
| # include <strings.h>
| #endif
| #ifdef HAVE_INTTYPES_H
| # include <inttypes.h>
| #endif
| #ifdef HAVE_STDINT_H
| # include <stdint.h>
| #endif
| #ifdef HAVE_UNISTD_H
| # include <unistd.h>
| #endif
| #include <readline/history.h>
configure:13226: result: no
configure:13226: checking readline/history.h presence
configure:13226: gcc -E  conftest.c
conftest.c:35:10: fatal error: readline/history.h: No such file or directory
 #include <readline/history.h>
          ^~~~~~~~~~~~~~~~~~~~
compilation terminated.
configure:13226: $? = 1
configure: failed program was:
| /* confdefs.h */
| #define PACKAGE_NAME "linux-gpib-user"
| #define PACKAGE_TARNAME "linux-gpib-user"
| #define PACKAGE_VERSION "4.2.0"
| #define PACKAGE_STRING "linux-gpib-user 4.2.0"
| #define PACKAGE_BUGREPORT ""
| #define PACKAGE_URL ""
| #define PACKAGE "linux-gpib-user"
| #define VERSION "4.2.0"
| #define STDC_HEADERS 1
| #define HAVE_SYS_TYPES_H 1
| #define HAVE_SYS_STAT_H 1
| #define HAVE_STDLIB_H 1
| #define HAVE_STRING_H 1
| #define HAVE_MEMORY_H 1
| #define HAVE_STRINGS_H 1
| #define HAVE_INTTYPES_H 1
| #define HAVE_STDINT_H 1
| #define HAVE_UNISTD_H 1
| #define HAVE_DLFCN_H 1
| #define LT_OBJDIR ".libs/"
| #define STDC_HEADERS 1
| #define HAVE_UNISTD_H 1
| #define HAVE_SYS_PARAM_H 1
| #define HAVE_SYS_TIME_H 1
| #define HAVE_TIME_H 1
| #define HAVE_SYS_SYSMACROS_H 1
| #define HAVE_STRING_H 1
| #define HAVE_MEMORY_H 1
| #define HAVE_FCNTL_H 1
| #define HAVE_DIRENT_H 1
| #define HAVE_ALLOCA_H 1
| #define HAVE_LOCALE_H 1
| /* end confdefs.h.  */
| #include <readline/history.h>
configure:13226: result: no
configure:13226: checking for readline/history.h
configure:13226: result: no
configure:13267: checking whether sys/types.h defines makedev
configure:13283: gcc -o conftest -g -O2   conftest.c  >&5
conftest.c: In function 'main':
conftest.c:39:13: warning: In the GNU C Library, "makedev" is defined
 by <sys/sysmacros.h>. For historical compatibility, it is
 currently defined by <sys/types.h> as well, but we plan to
 remove this soon. To use "makedev", include <sys/sysmacros.h>
 directly. If you did not intend to use a system-defined macro
 "makedev", you should undefine it after including <sys/types.h>.
 return makedev(0, 0);
             ^~~~~~~~~                                                                                                                                                                                                                                                                                                                                                                     
configure:13283: $? = 0
configure:13292: result: yes
configure:13317: checking for size_t
configure:13317: gcc -c -g -O2  conftest.c >&5
configure:13317: $? = 0
configure:13317: gcc -c -g -O2  conftest.c >&5
conftest.c: In function 'main':
conftest.c:71:21: error: expected expression before ')' token
 if (sizeof ((size_t)))
                     ^
configure:13317: $? = 1
configure: failed program was:
| /* confdefs.h */
| #define PACKAGE_NAME "linux-gpib-user"
| #define PACKAGE_TARNAME "linux-gpib-user"
| #define PACKAGE_VERSION "4.2.0"
| #define PACKAGE_STRING "linux-gpib-user 4.2.0"
| #define PACKAGE_BUGREPORT ""
| #define PACKAGE_URL ""
| #define PACKAGE "linux-gpib-user"
| #define VERSION "4.2.0"
| #define STDC_HEADERS 1
| #define HAVE_SYS_TYPES_H 1
| #define HAVE_SYS_STAT_H 1
| #define HAVE_STDLIB_H 1
| #define HAVE_STRING_H 1
| #define HAVE_MEMORY_H 1
| #define HAVE_STRINGS_H 1
| #define HAVE_INTTYPES_H 1
| #define HAVE_STDINT_H 1
| #define HAVE_UNISTD_H 1
| #define HAVE_DLFCN_H 1
| #define LT_OBJDIR ".libs/"
| #define STDC_HEADERS 1
| #define HAVE_UNISTD_H 1
| #define HAVE_SYS_PARAM_H 1
| #define HAVE_SYS_TIME_H 1
| #define HAVE_TIME_H 1
| #define HAVE_SYS_SYSMACROS_H 1
| #define HAVE_STRING_H 1
| #define HAVE_MEMORY_H 1
| #define HAVE_FCNTL_H 1
| #define HAVE_DIRENT_H 1
| #define HAVE_ALLOCA_H 1
| #define HAVE_LOCALE_H 1
| /* end confdefs.h.  */
| #include <stdio.h>
| #ifdef HAVE_SYS_TYPES_H
| # include <sys/types.h>
| #endif
| #ifdef HAVE_SYS_STAT_H
| # include <sys/stat.h>
| #endif
| #ifdef STDC_HEADERS
| # include <stdlib.h>
| # include <stddef.h>
| #else
| # ifdef HAVE_STDLIB_H
| #  include <stdlib.h>
| # endif
| #endif
| #ifdef HAVE_STRING_H
| # if !defined STDC_HEADERS && defined HAVE_MEMORY_H
| #  include <memory.h>
| # endif
| # include <string.h>
| #endif
| #ifdef HAVE_STRINGS_H
| # include <strings.h>
| #endif
| #ifdef HAVE_INTTYPES_H
| # include <inttypes.h>
| #endif
| #ifdef HAVE_STDINT_H
| # include <stdint.h>
| #endif
| #ifdef HAVE_UNISTD_H
| # include <unistd.h>
| #endif
| int
| main ()
| {
| if (sizeof ((size_t)))
| 	    return 0;
|   ;
|   return 0;
| }
configure:13317: result: yes
configure:13330: checking for working alloca.h
configure:13347: gcc -o conftest -g -O2   conftest.c  >&5
configure:13347: $? = 0
configure:13355: result: yes
configure:13363: checking for alloca
configure:13400: gcc -o conftest -g -O2   conftest.c  >&5
configure:13400: $? = 0
configure:13408: result: yes
configure:13514: checking whether struct tm is in sys/time.h or time.h
configure:13534: gcc -c -g -O2  conftest.c >&5
configure:13534: $? = 0
configure:13541: result: time.h
configure:13549: checking for struct stat.st_blocks
configure:13549: gcc -c -g -O2  conftest.c >&5
configure:13549: $? = 0
configure:13549: result: yes
configure:13572: checking for dirent.h that defines DIR
configure:13591: gcc -c -g -O2  conftest.c >&5
configure:13591: $? = 0
configure:13599: result: yes
configure:13612: checking for library containing opendir
configure:13643: gcc -o conftest -g -O2   conftest.c  >&5
configure:13643: $? = 0
configure:13660: result: none required
configure:13727: checking whether closedir returns void
configure:13751: gcc -o conftest -g -O2   conftest.c  >&5
configure:13751: $? = 0
configure:13751: ./conftest
configure:13751: $? = 0
configure:13761: result: no
configure:13771: checking for mkfifo
configure:13771: gcc -o conftest -g -O2   conftest.c  >&5
configure:13771: $? = 0
configure:13771: result: yes
configure:13780: checking for mknod
configure:13780: gcc -o conftest -g -O2   conftest.c  >&5
configure:13780: $? = 0
configure:13780: result: yes
configure:13966: checking that generated files are newer than configure
configure:13972: result: done
configure:14023: creating ./config.status

## ---------------------- ##
## Running config.status. ##
## ---------------------- ##

This file was extended by linux-gpib-user config.status 4.2.0, which was
generated by GNU Autoconf 2.69.  Invocation command line was

  CONFIG_FILES    = 
  CONFIG_HEADERS  = 
  CONFIG_LINKS    = 
  CONFIG_COMMANDS = 
  $ ./config.status 

on DESKTOP-ER250Q8

config.status:1171: creating Makefile
config.status:1171: creating drivers/Makefile
config.status:1171: creating lib/Makefile
config.status:1171: creating lib/libgpib.pc
config.status:1171: creating lib/gpib_config/Makefile
config.status:1171: creating examples/Makefile
config.status:1171: creating test/Makefile
config.status:1171: creating doc/Makefile
config.status:1171: creating include/Makefile
config.status:1171: creating include/gpib/Makefile
config.status:1171: creating language/Makefile
config.status:1171: creating language/guile/Makefile
config.status:1171: creating language/php/Makefile
config.status:1171: creating language/php/TESTS/Makefile
config.status:1171: creating language/python/Makefile
config.status:1171: creating language/tcl/Makefile
config.status:1171: creating usb/Makefile
config.status:1171: creating usb/ni_usb_gpib/Makefile
config.status:1171: creating usb/agilent_82357a/Makefile
config.status:1171: creating config.h
config.status:1352: config.h is unchanged
config.status:1400: executing depfiles commands
config.status:1477: cd lib       && sed -e '/# am--include-marker/d' Makefile         | make -f - am--depfiles
make: Nothing to be done for 'am--depfiles'.
config.status:1482: $? = 0
config.status:1477: cd lib/gpib_config       && sed -e '/# am--include-marker/d' Makefile         | make -f - am--depfiles
make: Nothing to be done for 'am--depfiles'.
config.status:1482: $? = 0
config.status:1477: cd examples       && sed -e '/# am--include-marker/d' Makefile         | make -f - am--depfiles
make: Nothing to be done for 'am--depfiles'.
config.status:1482: $? = 0
config.status:1477: cd test       && sed -e '/# am--include-marker/d' Makefile         | make -f - am--depfiles
make: Nothing to be done for 'am--depfiles'.
config.status:1482: $? = 0
config.status:1477: cd language/guile       && sed -e '/# am--include-marker/d' Makefile         | make -f - am--depfiles
make: Nothing to be done for 'am--depfiles'.
config.status:1482: $? = 0
config.status:1477: cd language/php       && sed -e '/# am--include-marker/d' Makefile         | make -f - am--depfiles
make: Nothing to be done for 'am--depfiles'.
config.status:1482: $? = 0
config.status:1477: cd language/tcl       && sed -e '/# am--include-marker/d' Makefile         | make -f - am--depfiles
make: Nothing to be done for 'am--depfiles'.
config.status:1482: $? = 0
config.status:1400: executing libtool commands

## ---------------- ##
## Cache variables. ##
## ---------------- ##

ac_cv_build=x86_64-pc-linux-gnu
ac_cv_c_compiler_gnu=yes
ac_cv_env_CC_set=
ac_cv_env_CC_value=
ac_cv_env_CFLAGS_set=
ac_cv_env_CFLAGS_value=
ac_cv_env_CPPFLAGS_set=
ac_cv_env_CPPFLAGS_value=
ac_cv_env_CPP_set=
ac_cv_env_CPP_value=
ac_cv_env_LDFLAGS_set=
ac_cv_env_LDFLAGS_value=
ac_cv_env_LIBS_set=
ac_cv_env_LIBS_value=
ac_cv_env_LT_SYS_LIBRARY_PATH_set=
ac_cv_env_LT_SYS_LIBRARY_PATH_value=
ac_cv_env_PYTHON_set=
ac_cv_env_PYTHON_value=
ac_cv_env_YACC_set=
ac_cv_env_YACC_value=
ac_cv_env_YFLAGS_set=
ac_cv_env_YFLAGS_value=
ac_cv_env_build_alias_set=
ac_cv_env_build_alias_value=
ac_cv_env_host_alias_set=
ac_cv_env_host_alias_value=
ac_cv_env_target_alias_set=
ac_cv_env_target_alias_value=
ac_cv_func_alloca_works=yes
ac_cv_func_closedir_void=no
ac_cv_func_mkfifo=yes
ac_cv_func_mknod=yes
ac_cv_header_alloca_h=yes
ac_cv_header_dirent_dirent_h=yes
ac_cv_header_dirent_h=yes
ac_cv_header_dlfcn_h=yes
ac_cv_header_fcntl_h=yes
ac_cv_header_inttypes_h=yes
ac_cv_header_libguile_h=no
ac_cv_header_locale_h=yes
ac_cv_header_memory_h=yes
ac_cv_header_ndir_h=no
ac_cv_header_readline_history_h=no
ac_cv_header_readline_readline_h=no
ac_cv_header_stdc=yes
ac_cv_header_stdint_h=yes
ac_cv_header_stdlib_h=yes
ac_cv_header_string_h=yes
ac_cv_header_strings_h=yes
ac_cv_header_sys_mkdev_h=no
ac_cv_header_sys_ndir_h=no
ac_cv_header_sys_param_h=yes
ac_cv_header_sys_stat_h=yes
ac_cv_header_sys_sysmacros_h=yes
ac_cv_header_sys_time_h=yes
ac_cv_header_sys_types_h=yes
ac_cv_header_sys_types_h_makedev=yes
ac_cv_header_time_h=yes
ac_cv_header_unistd_h=yes
ac_cv_host=x86_64-pc-linux-gnu
ac_cv_lib_guile_gh_define=no
ac_cv_lib_readline_readline=no
ac_cv_member_struct_stat_st_blocks=yes
ac_cv_objext=o
ac_cv_path_EGREP='/bin/grep -E'
ac_cv_path_FGREP='/bin/grep -F'
ac_cv_path_GREP=/bin/grep
ac_cv_path_JW_PATH=no
ac_cv_path_PERL=/usr/bin/perl
ac_cv_path_PHP_CONFIG=no
ac_cv_path_PYTHON=/usr/bin/python
ac_cv_path_SED=/bin/sed
ac_cv_path_install='/usr/bin/install -c'
ac_cv_path_lt_DD=/bin/dd
ac_cv_path_mkdir=/bin/mkdir
ac_cv_prog_AWK=gawk
ac_cv_prog_CPP='gcc -E'
ac_cv_prog_ac_ct_AR=ar
ac_cv_prog_ac_ct_CC=gcc
ac_cv_prog_ac_ct_MANIFEST_TOOL=mt
ac_cv_prog_ac_ct_OBJDUMP=objdump
ac_cv_prog_ac_ct_RANLIB=ranlib
ac_cv_prog_ac_ct_STRIP=strip
ac_cv_prog_cc_c89=
ac_cv_prog_cc_g=yes
ac_cv_prog_make_make_set=yes
ac_cv_search_opendir='none required'
ac_cv_struct_tm=time.h
ac_cv_type_size_t=yes
ac_cv_working_alloca_h=yes
am_cv_CC_dependencies_compiler_type=gcc3
am_cv_make_support_nested_variables=yes
am_cv_prog_cc_c_o=yes
am_cv_python_platform=linux2
am_cv_python_pyexecdir='${exec_prefix}/lib/python2.7/dist-packages'
am_cv_python_pythondir='${prefix}/lib/python2.7/dist-packages'
am_cv_python_version=2.7
lt_cv_ar_at_file=@
lt_cv_archive_cmds_need_lc=no
lt_cv_deplibs_check_method=pass_all
lt_cv_file_magic_cmd='$MAGIC_CMD'
lt_cv_file_magic_test_file=
lt_cv_ld_reload_flag=-r
lt_cv_nm_interface='BSD nm'
lt_cv_objdir=.libs
lt_cv_path_LD=/usr/bin/ld
lt_cv_path_NM='/usr/bin/nm -B'
lt_cv_path_mainfest_tool=no
lt_cv_prog_compiler_c_o=yes
lt_cv_prog_compiler_pic='-fPIC -DPIC'
lt_cv_prog_compiler_pic_works=yes
lt_cv_prog_compiler_rtti_exceptions=no
lt_cv_prog_compiler_static_works=yes
lt_cv_prog_gnu_ld=yes
lt_cv_sharedlib_from_linklib_cmd='printf %s\n'
lt_cv_shlibpath_overrides_runpath=yes
lt_cv_sys_global_symbol_pipe='sed -n -e '\''s/^.*[	 ]\([ABCDGIRSTW][ABCDGIRSTW]*\)[	 ][	 ]*\([_A-Za-z][_A-Za-z0-9]*\)$/\1 \2 \2/p'\'' | sed '\''/ __gnu_lto/d'\'''
lt_cv_sys_global_symbol_to_c_name_address='sed -n -e '\''s/^: \(.*\) .*$/  {"\1", (void *) 0},/p'\'' -e '\''s/^[ABCDGIRSTW][ABCDGIRSTW]* .* \(.*\)$/  {"\1", (void *) \&\1},/p'\'''
lt_cv_sys_global_symbol_to_c_name_address_lib_prefix='sed -n -e '\''s/^: \(.*\) .*$/  {"\1", (void *) 0},/p'\'' -e '\''s/^[ABCDGIRSTW][ABCDGIRSTW]* .* \(lib.*\)$/  {"\1", (void *) \&\1},/p'\'' -e '\''s/^[ABCDGIRSTW][ABCDGIRSTW]* .* \(.*\)$/  {"lib\1", (void *) \&\1},/p'\'''
lt_cv_sys_global_symbol_to_cdecl='sed -n -e '\''s/^T .* \(.*\)$/extern int \1();/p'\'' -e '\''s/^[ABCDGIRSTW][ABCDGIRSTW]* .* \(.*\)$/extern char \1;/p'\'''
lt_cv_sys_global_symbol_to_import=
lt_cv_sys_max_cmd_len=1572864
lt_cv_to_host_file_cmd=func_convert_file_noop
lt_cv_to_tool_file_cmd=func_convert_file_noop
lt_cv_truncate_bin='/bin/dd bs=4096 count=1'

## ----------------- ##
## Output variables. ##
## ----------------- ##

ACLOCAL='${SHELL} /mnt/c/Users/zhong/code/lantz/lantz/drivers/linux-gpib-4.2.0/linux-gpib-user-4.2.0/missing aclocal-1.16'
ALLOCA=''
AMDEPBACKSLASH='\'
AMDEP_FALSE='#'
AMDEP_TRUE=''
AMTAR='$${TAR-tar}'
AM_BACKSLASH='\'
AM_DEFAULT_V='$(AM_DEFAULT_VERBOSITY)'
AM_DEFAULT_VERBOSITY='1'
AM_V='$(V)'
AR='ar'
AUTOCONF='${SHELL} /mnt/c/Users/zhong/code/lantz/lantz/drivers/linux-gpib-4.2.0/linux-gpib-user-4.2.0/missing autoconf'
AUTOHEADER='${SHELL} /mnt/c/Users/zhong/code/lantz/lantz/drivers/linux-gpib-4.2.0/linux-gpib-user-4.2.0/missing autoheader'
AUTOMAKE='${SHELL} /mnt/c/Users/zhong/code/lantz/lantz/drivers/linux-gpib-4.2.0/linux-gpib-user-4.2.0/missing automake-1.16'
AWK='gawk'
BIND_GUILE_FALSE=''
BIND_GUILE_TRUE='#'
BIND_PERL_FALSE='#'
BIND_PERL_TRUE=''
BIND_PHP_FALSE=''
BIND_PHP_TRUE='#'
BIND_PYTHON_FALSE='#'
BIND_PYTHON_TRUE=''
BIND_TCL_FALSE=''
BIND_TCL_TRUE='#'
BUILD_DOCS_FALSE=''
BUILD_DOCS_TRUE='#'
CC='gcc'
CCDEPMODE='depmode=gcc3'
CFLAGS='-g -O2'
CPP='gcc -E'
CPPFLAGS=''
CYGPATH_W='echo'
DEFS='-DHAVE_CONFIG_H'
DEPDIR='.deps'
DLLTOOL='false'
DSYMUTIL=''
DUMPBIN=''
ECHO_C=''
ECHO_N='-n'
ECHO_T=''
EGREP='/bin/grep -E'
EXEEXT=''
FGREP='/bin/grep -F'
GPIB_SO_VERSION='3:0:3'
GREP='/bin/grep'
IBMAJOR='160'
INSTALL_DATA='${INSTALL} -m 644'
INSTALL_PROGRAM='${INSTALL}'
INSTALL_SCRIPT='${INSTALL}'
INSTALL_STRIP_PROGRAM='$(install_sh) -c -s'
ISODATE='2019-04-04'
JW_PATH='no'
LD='/usr/bin/ld -m elf_x86_64'
LDFLAGS=''
LEX='${SHELL} /mnt/c/Users/zhong/code/lantz/lantz/drivers/linux-gpib-4.2.0/linux-gpib-user-4.2.0/missing flex'
LEXLIB=''
LEX_OUTPUT_ROOT=''
LIBGPIB_CFLAGS='-I$(top_srcdir)/include -D_REENTRANT'
LIBGPIB_LDFLAGS='$(top_builddir)/lib/libgpib.la -lpthread'
LIBOBJS=''
LIBS=''
LIBTOOL='$(SHELL) $(top_builddir)/libtool'
LIB_READLINE_CFLAGS=''
LIB_READLINE_LDFLAGS=''
LIPO=''
LN_S='ln -s'
LTLIBOBJS=''
LT_SYS_LIBRARY_PATH=''
MAINT='#'
MAINTAINER_MODE_FALSE=''
MAINTAINER_MODE_TRUE='#'
MAKEINFO='${SHELL} /mnt/c/Users/zhong/code/lantz/lantz/drivers/linux-gpib-4.2.0/linux-gpib-user-4.2.0/missing makeinfo'
MANIFEST_TOOL=':'
MKDIR_P='/bin/mkdir -p'
NM='/usr/bin/nm -B'
NMEDIT=''
OBJDUMP='objdump'
OBJEXT='o'
OTOOL64=''
OTOOL=''
PACKAGE='linux-gpib-user'
PACKAGE_BUGREPORT=''
PACKAGE_NAME='linux-gpib-user'
PACKAGE_STRING='linux-gpib-user 4.2.0'
PACKAGE_TARNAME='linux-gpib-user'
PACKAGE_URL=''
PACKAGE_VERSION='4.2.0'
PATH_SEPARATOR=':'
PERL='/usr/bin/perl'
PHP_CONFIG='no'
PYTHON='/usr/bin/python'
PYTHON_EXEC_PREFIX='${exec_prefix}'
PYTHON_INCLUDES='-I/usr/include/python2.7  -I/usr/include/python2.7m'
PYTHON_PLATFORM='linux2'
PYTHON_PREFIX='${prefix}'
PYTHON_VERSION='2.7'
RANLIB='ranlib'
SED='/bin/sed'
SET_MAKE=''
SHELL='/bin/bash'
STRIP='strip'
TCL_BIN_DIR='# no Tcl configs found'
TCL_LIB_FILE=''
TCL_LIB_FLAG=''
TCL_LIB_SPEC=''
TCL_PATCH_LEVEL=''
TCL_SRC_DIR=''
TCL_STUB_LIB_FILE=''
TCL_STUB_LIB_FLAG=''
TCL_STUB_LIB_SPEC=''
TCL_VERSION=''
VERSION='4.2.0'
YACC='yacc'
YFLAGS=''
ac_ct_AR='ar'
ac_ct_CC='gcc'
ac_ct_DUMPBIN=''
am__EXEEXT_FALSE=''
am__EXEEXT_TRUE='#'
am__fastdepCC_FALSE='#'
am__fastdepCC_TRUE=''
am__include='include'
am__isrc=''
am__leading_dot='.'
am__nodep='_no'
am__quote=''
am__tar='$${TAR-tar} chof - "$$tardir"'
am__untar='$${TAR-tar} xf -'
bindir='${exec_prefix}/bin'
build='x86_64-pc-linux-gnu'
build_alias=''
build_cpu='x86_64'
build_os='linux-gnu'
build_vendor='pc'
datadir='${datarootdir}'
datarootdir='${prefix}/share'
docdir='${datarootdir}/doc/${PACKAGE_TARNAME}'
dvidir='${docdir}'
exec_prefix='${prefix}'
host='x86_64-pc-linux-gnu'
host_alias=''
host_cpu='x86_64'
host_os='linux-gnu'
host_vendor='pc'
htmldir='${docdir}'
includedir='${prefix}/include'
infodir='${datarootdir}/info'
install_sh='${SHELL} /mnt/c/Users/zhong/code/lantz/lantz/drivers/linux-gpib-4.2.0/linux-gpib-user-4.2.0/install-sh'
libdir='${exec_prefix}/lib'
libexecdir='${exec_prefix}/libexec'
localedir='${datarootdir}/locale'
localstatedir='${prefix}/var'
mandir='${datarootdir}/man'
mkdir_p='$(MKDIR_P)'
oldincludedir='/usr/include'
pdfdir='${docdir}'
pkgpyexecdir='${pyexecdir}/linux-gpib-user'
pkgpythondir='${pythondir}/linux-gpib-user'
prefix='/usr/local'
program_transform_name='s,x,x,'
psdir='${docdir}'
pyexecdir='${exec_prefix}/lib/python2.7/dist-packages'
pythondir='${prefix}/lib/python2.7/dist-packages'
sbindir='${exec_prefix}/sbin'
sharedstatedir='${prefix}/com'
sysconfdir='${prefix}/etc'
target_alias=''

## ----------- ##
## confdefs.h. ##
## ----------- ##

/* confdefs.h */
#define PACKAGE_NAME "linux-gpib-user"
#define PACKAGE_TARNAME "linux-gpib-user"
#define PACKAGE_VERSION "4.2.0"
#define PACKAGE_STRING "linux-gpib-user 4.2.0"
#define PACKAGE_BUGREPORT ""
#define PACKAGE_URL ""
#define PACKAGE "linux-gpib-user"
#define VERSION "4.2.0"
#define STDC_HEADERS 1
#define HAVE_SYS_TYPES_H 1
#define HAVE_SYS_STAT_H 1
#define HAVE_STDLIB_H 1
#define HAVE_STRING_H 1
#define HAVE_MEMORY_H 1
#define HAVE_STRINGS_H 1
#define HAVE_INTTYPES_H 1
#define HAVE_STDINT_H 1
#define HAVE_UNISTD_H 1
#define HAVE_DLFCN_H 1
#define LT_OBJDIR ".libs/"
#define STDC_HEADERS 1
#define HAVE_UNISTD_H 1
#define HAVE_SYS_PARAM_H 1
#define HAVE_SYS_TIME_H 1
#define HAVE_TIME_H 1
#define HAVE_SYS_SYSMACROS_H 1
#define HAVE_STRING_H 1
#define HAVE_MEMORY_H 1
#define HAVE_FCNTL_H 1
#define HAVE_DIRENT_H 1
#define HAVE_ALLOCA_H 1
#define HAVE_LOCALE_H 1
#define HAVE_ALLOCA_H 1
#define HAVE_ALLOCA 1
#define HAVE_STRUCT_STAT_ST_BLOCKS 1
#define HAVE_ST_BLOCKS 1
#define HAVE_DIRENT_H 1
#define HAVE_MKFIFO 1
#define IBMAJOR 160

configure: exit 0
